[1.117s] Invoking command in '/home/dev_ws/build/unity_robotics_demo_msgs': CMAKE_PREFIX_PATH=${CMAKE_PREFIX_PATH}:/opt/ros/foxy:/home/dev_ws/install/vision:/home/dev_ws/install/utils:/home/dev_ws/install/unity_robotics_demo:/home/dev_ws/install/ros_tcp_endpoint:/home/dev_ws/install/manipulation:/home/dev_ws/install/llm:/home/dev_ws/install/face_controller:/home/dev_ws/install/audio /usr/local/bin/cmake --build /home/dev_ws/build/unity_robotics_demo_msgs -- -j12 -l12
[1.597s] [  1%] Built target unity_robotics_demo_msgs__cpp
[1.597s] [ 12%] Built target unity_robotics_demo_msgs__rosidl_generator_c
[1.597s] [ 24%] Built target unity_robotics_demo_msgs__rosidl_typesupport_cpp
[1.598s] [ 35%] Built target unity_robotics_demo_msgs__rosidl_typesupport_introspection_cpp
[1.598s] [ 47%] Built target unity_robotics_demo_msgs__rosidl_typesupport_c
[1.598s] [ 58%] Built target unity_robotics_demo_msgs__rosidl_typesupport_introspection_c
[1.598s] [ 70%] Built target unity_robotics_demo_msgs__rosidl_typesupport_fastrtps_cpp
[1.599s] [ 81%] Built target unity_robotics_demo_msgs__rosidl_typesupport_fastrtps_c
[1.599s] [ 81%] Built target unity_robotics_demo_msgs
[1.599s] [ 82%] Built target unity_robotics_demo_msgs__py
[1.599s] [35m[1mScanning dependencies of target unity_robotics_demo_msgs__python[0m
[1.599s] [ 83%] [32mBuilding C object CMakeFiles/unity_robotics_demo_msgs__python.dir/rosidl_generator_py/unity_robotics_demo_msgs/msg/_targets_reached_s.c.o[0m
[1.600s] [ 86%] [32mBuilding C object CMakeFiles/unity_robotics_demo_msgs__python.dir/rosidl_generator_py/unity_robotics_demo_msgs/msg/_joints_to_target_s.c.o[0m
[1.600s] [ 86%] [32mBuilding C object CMakeFiles/unity_robotics_demo_msgs__python.dir/rosidl_generator_py/unity_robotics_demo_msgs/msg/_audio_s.c.o[0m
[1.600s] [ 88%] [32mBuilding C object CMakeFiles/unity_robotics_demo_msgs__python.dir/rosidl_generator_py/unity_robotics_demo_msgs/msg/_unity_color_s.c.o[0m
[1.601s] [ 88%] [32mBuilding C object CMakeFiles/unity_robotics_demo_msgs__python.dir/rosidl_generator_py/unity_robotics_demo_msgs/msg/_pos_rot_s.c.o[0m
[1.601s] [ 89%] [32mBuilding C object CMakeFiles/unity_robotics_demo_msgs__python.dir/rosidl_generator_py/unity_robotics_demo_msgs/msg/_pos_eyelids_s.c.o[0m
[1.601s] [ 90%] [32mBuilding C object CMakeFiles/unity_robotics_demo_msgs__python.dir/rosidl_generator_py/unity_robotics_demo_msgs/srv/_position_service_s.c.o[0m
[1.601s] [ 91%] [32mBuilding C object CMakeFiles/unity_robotics_demo_msgs__python.dir/rosidl_generator_py/unity_robotics_demo_msgs/srv/_object_pose_service_s.c.o[0m
[1.923s] [01m[K/home/dev_ws/build/unity_robotics_demo_msgs/rosidl_generator_py/unity_robotics_demo_msgs/srv/_position_service_s.c:11:10:[m[K [01;31m[Kfatal error: [m[Knumpy/ndarrayobject.h: No such file or directory
[1.923s]    11 | #include [01;31m[K"numpy/ndarrayobject.h"[m[K
[1.923s]       |          [01;31m[K^~~~~~~~~~~~~~~~~~~~~~~[m[K
[1.924s] compilation terminated.
[1.924s] [01m[K/home/dev_ws/build/unity_robotics_demo_msgs/rosidl_generator_py/unity_robotics_demo_msgs/msg/_joints_to_target_s.c:11:10:[m[K [01;31m[Kfatal error: [m[Knumpy/ndarrayobject.h: No such file or directory
[1.924s]    11 | #include [01;31m[K"numpy/ndarrayobject.h"[m[K
[1.924s]       |          [01;31m[K^~~~~~~~~~~~~~~~~~~~~~~[m[K
[1.924s] [01m[K/home/dev_ws/build/unity_robotics_demo_msgs/rosidl_generator_py/unity_robotics_demo_msgs/msg/_unity_color_s.c:11:10:[m[K [01;31m[Kfatal error: [m[Knumpy/ndarrayobject.h: No such file or directory
[1.925s]    11 | #include [01;31m[K"numpy/ndarrayobject.h"[m[K
[1.925s]       |          [01;31m[K^~~~~~~~~~~~~~~~~~~~~~~[m[K
[1.925s] [01m[K/home/dev_ws/build/unity_robotics_demo_msgs/rosidl_generator_py/unity_robotics_demo_msgs/msg/_pos_eyelids_s.c:11:10:[m[K [01;31m[Kfatal error: [m[Knumpy/ndarrayobject.h: No such file or directory
[1.925s]    11 | #include [01;31m[K"numpy/ndarrayobject.h"[m[K
[1.925s]       |          [01;31m[K^~~~~~~~~~~~~~~~~~~~~~~[m[K
[1.925s] compilation terminated.
[1.925s] compilation terminated.
[1.926s] compilation terminated.
[1.926s] [01m[K/home/dev_ws/build/unity_robotics_demo_msgs/rosidl_generator_py/unity_robotics_demo_msgs/msg/_pos_rot_s.c:11:10:[m[K [01;31m[Kfatal error: [m[Knumpy/ndarrayobject.h: No such file or directory
[1.926s]    11 | #include [01;31m[K"numpy/ndarrayobject.h"[m[K
[1.926s]       |          [01;31m[K^~~~~~~~~~~~~~~~~~~~~~~[m[K
[1.926s] [01m[K/home/dev_ws/build/unity_robotics_demo_msgs/rosidl_generator_py/unity_robotics_demo_msgs/srv/_object_pose_service_s.c:11:10:[m[K [01;31m[Kfatal error: [m[Knumpy/ndarrayobject.h: No such file or directory
[1.927s]    11 | #include [01;31m[K"numpy/ndarrayobject.h"[m[K
[1.927s]       |          [01;31m[K^~~~~~~~~~~~~~~~~~~~~~~[m[K
[1.927s] compilation terminated.
[1.927s] compilation terminated.
[1.927s] [01m[K/home/dev_ws/build/unity_robotics_demo_msgs/rosidl_generator_py/unity_robotics_demo_msgs/msg/_targets_reached_s.c:11:10:[m[K [01;31m[Kfatal error: [m[Knumpy/ndarrayobject.h: No such file or directory
[1.927s]    11 | #include [01;31m[K"numpy/ndarrayobject.h"[m[K
[1.927s]       |          [01;31m[K^~~~~~~~~~~~~~~~~~~~~~~[m[K
[1.928s] compilation terminated.
[1.928s] [01m[K/home/dev_ws/build/unity_robotics_demo_msgs/rosidl_generator_py/unity_robotics_demo_msgs/msg/_audio_s.c:11:10:[m[K [01;31m[Kfatal error: [m[Knumpy/ndarrayobject.h: No such file or directory
[1.928s]    11 | #include [01;31m[K"numpy/ndarrayobject.h"[m[K
[1.928s]       |          [01;31m[K^~~~~~~~~~~~~~~~~~~~~~~[m[K
[1.929s] compilation terminated.
[1.929s] make[2]: *** [CMakeFiles/unity_robotics_demo_msgs__python.dir/build.make:89: CMakeFiles/unity_robotics_demo_msgs__python.dir/rosidl_generator_py/unity_robotics_demo_msgs/msg/_joints_to_target_s.c.o] Error 1
[1.929s] make[2]: *** Waiting for unfinished jobs....
[1.930s] make[2]: *** [CMakeFiles/unity_robotics_demo_msgs__python.dir/build.make:63: CMakeFiles/unity_robotics_demo_msgs__python.dir/rosidl_generator_py/unity_robotics_demo_msgs/msg/_targets_reached_s.c.o] Error 1
[1.930s] make[2]: *** [CMakeFiles/unity_robotics_demo_msgs__python.dir/build.make:102: CMakeFiles/unity_robotics_demo_msgs__python.dir/rosidl_generator_py/unity_robotics_demo_msgs/msg/_pos_eyelids_s.c.o] Error 1
[1.930s] make[2]: *** [CMakeFiles/unity_robotics_demo_msgs__python.dir/build.make:154: CMakeFiles/unity_robotics_demo_msgs__python.dir/rosidl_generator_py/unity_robotics_demo_msgs/srv/_object_pose_service_s.c.o] Error 1
[1.931s] make[2]: *** [CMakeFiles/unity_robotics_demo_msgs__python.dir/build.make:128: CMakeFiles/unity_robotics_demo_msgs__python.dir/rosidl_generator_py/unity_robotics_demo_msgs/msg/_unity_color_s.c.o] Error 1
[1.931s] make[2]: *** [CMakeFiles/unity_robotics_demo_msgs__python.dir/build.make:76: CMakeFiles/unity_robotics_demo_msgs__python.dir/rosidl_generator_py/unity_robotics_demo_msgs/msg/_audio_s.c.o] Error 1
[1.932s] make[2]: *** [CMakeFiles/unity_robotics_demo_msgs__python.dir/build.make:115: CMakeFiles/unity_robotics_demo_msgs__python.dir/rosidl_generator_py/unity_robotics_demo_msgs/msg/_pos_rot_s.c.o] Error 1
[1.932s] make[2]: *** [CMakeFiles/unity_robotics_demo_msgs__python.dir/build.make:141: CMakeFiles/unity_robotics_demo_msgs__python.dir/rosidl_generator_py/unity_robotics_demo_msgs/srv/_position_service_s.c.o] Error 1
[1.932s] make[1]: *** [CMakeFiles/Makefile2:499: CMakeFiles/unity_robotics_demo_msgs__python.dir/all] Error 2
[1.932s] make: *** [Makefile:141: all] Error 2
[1.943s] Invoked command in '/home/dev_ws/build/unity_robotics_demo_msgs' returned '2': CMAKE_PREFIX_PATH=${CMAKE_PREFIX_PATH}:/opt/ros/foxy:/home/dev_ws/install/vision:/home/dev_ws/install/utils:/home/dev_ws/install/unity_robotics_demo:/home/dev_ws/install/ros_tcp_endpoint:/home/dev_ws/install/manipulation:/home/dev_ws/install/llm:/home/dev_ws/install/face_controller:/home/dev_ws/install/audio /usr/local/bin/cmake --build /home/dev_ws/build/unity_robotics_demo_msgs -- -j12 -l12
